2014-06-30 09:46:39 __________________CLIENT_SHUTDOWN________________
2014-06-30 09:47:15 __________________CLIENT_SHUTDOWN________________
2014-06-30 09:48:08 __________________CLIENT_SHUTDOWN________________
2014-06-30 09:48:21 __________________CLIENT_SHUTDOWN________________
2014-06-30 09:48:57 __________________CLIENT_SHUTDOWN________________
2014-06-30 09:49:09 __________________CLIENT_SHUTDOWN________________
2014-06-30 09:49:27 __________________CLIENT_SHUTDOWN________________
2014-06-30 09:50:19 __________________CLIENT_SHUTDOWN________________
2014-06-30 09:50:34 __________________CLIENT_SHUTDOWN________________
2014-06-30 09:51:16 __________________CLIENT_SHUTDOWN________________
2014-06-30 09:54:18 __________________CLIENT_SHUTDOWN________________
2014-06-30 09:59:44 __________________CLIENT_SHUTDOWN________________
2014-06-30 10:01:09 __________________CLIENT_SHUTDOWN________________
2014-06-30 10:01:40 __________________CLIENT_SHUTDOWN________________
2014-06-30 10:02:18 __________________CLIENT_SHUTDOWN________________
2014-06-30 10:02:45 __________________CLIENT_SHUTDOWN________________
2014-06-30 10:11:06 __________________CLIENT_SHUTDOWN________________
2014-06-30 10:28:59 [ERROR] Cannot connect to server because No connection could be made because the target machine actively refused it.
2014-06-30 10:31:06 __________________CLIENT_SHUTDOWN________________
2014-06-30 10:32:44 [ERROR] Cannot connect to server because No connection could be made because the target machine actively refused it.
2014-06-30 10:43:31 __________________CLIENT_SHUTDOWN________________
2014-06-30 10:44:16 __________________CLIENT_SHUTDOWN________________
2014-06-30 10:44:57 __________________CLIENT_SHUTDOWN________________
2014-06-30 10:47:19 [ERROR] Cannot connect to server because The requested address is not valid in its context.
2014-06-30 10:47:56 __________________CLIENT_SHUTDOWN________________
2014-06-30 10:50:07 __________________CLIENT_SHUTDOWN________________
2014-06-30 10:50:57 __________________CLIENT_SHUTDOWN________________
2014-06-30 10:55:43 __________________CLIENT_SHUTDOWN________________
2014-06-30 10:56:54 __________________CLIENT_SHUTDOWN________________
2014-06-30 10:57:11 __________________CLIENT_SHUTDOWN________________
2014-06-30 10:57:21 __________________CLIENT_SHUTDOWN________________
2014-06-30 10:59:19 __________________CLIENT_SHUTDOWN________________
2014-06-30 10:59:28 __________________CLIENT_SHUTDOWN________________
2014-06-30 10:59:41 __________________CLIENT_SHUTDOWN________________
2014-06-30 11:00:03 __________________CLIENT_SHUTDOWN________________
2014-06-30 11:00:12 __________________CLIENT_SHUTDOWN________________
2014-06-30 11:01:08 __________________CLIENT_SHUTDOWN________________
2014-06-30 11:01:15 __________________CLIENT_SHUTDOWN________________
2014-06-30 11:01:23 __________________CLIENT_SHUTDOWN________________
2014-06-30 11:01:30 __________________CLIENT_SHUTDOWN________________
2014-06-30 11:02:46 __________________CLIENT_SHUTDOWN________________
2014-06-30 11:03:16 __________________CLIENT_SHUTDOWN________________
2014-06-30 11:03:26 __________________CLIENT_SHUTDOWN________________
2014-06-30 11:03:59 __________________CLIENT_SHUTDOWN________________
2014-06-30 11:04:17 __________________CLIENT_SHUTDOWN________________
2014-06-30 11:04:49 __________________CLIENT_SHUTDOWN________________
2014-06-30 11:06:37 __________________CLIENT_SHUTDOWN________________
2014-06-30 11:07:01 __________________CLIENT_SHUTDOWN________________
2014-06-30 11:07:22 __________________CLIENT_SHUTDOWN________________
2014-06-30 11:07:29 __________________CLIENT_SHUTDOWN________________
2014-06-30 11:09:00 __________________CLIENT_SHUTDOWN________________
2014-06-30 11:09:32 __________________CLIENT_SHUTDOWN________________
2014-06-30 11:09:41 __________________CLIENT_SHUTDOWN________________
2014-06-30 11:09:53 __________________CLIENT_SHUTDOWN________________
2014-06-30 11:10:12 __________________CLIENT_SHUTDOWN________________
2014-06-30 11:10:28 __________________CLIENT_SHUTDOWN________________
2014-06-30 11:10:45 __________________CLIENT_SHUTDOWN________________
2014-06-30 11:10:54 __________________CLIENT_SHUTDOWN________________
2014-06-30 11:13:54 __________________CLIENT_SHUTDOWN________________
2014-06-30 11:14:16 __________________CLIENT_SHUTDOWN________________
2014-06-30 11:15:19 __________________CLIENT_SHUTDOWN________________
2014-06-30 12:27:20 ____________________RECV_START_________________
2014-06-30 12:27:33 ____________________SEND_START_________________
2014-06-30 12:28:17 ____________________RECV_START_________________
2014-06-30 12:28:22 ____________________SEND_START_________________
2014-06-30 12:29:10 ____________________SEND_START_________________
2014-06-30 12:29:31 [ERROR] Cannot connect to server because No connection could be made because the target machine actively refused it.
2014-06-30 12:29:34 [ERROR] Cannot connect to server because No connection could be made because the target machine actively refused it.
2014-06-30 12:29:40 [ERROR] Cannot connect to server because No connection could be made because the target machine actively refused it.
2014-06-30 12:29:44 [ERROR] Cannot connect to server because No connection could be made because the target machine actively refused it.
2014-06-30 12:30:36 ____________________SEND_START_________________
