2014-06-30 09:34:56 ___________________SERVER_START__________________
2014-06-30 09:36:48 ___________________SERVER_START__________________
2014-06-30 09:36:55 [INFOR] User login
2014-06-30 09:38:20 ___________________SERVER_START__________________
2014-06-30 09:38:44 ___________________SERVER_START__________________
2014-06-30 09:40:00 ___________________SERVER_START__________________
2014-06-30 09:40:06 [INFOR] User login
2014-06-30 09:40:12 [INFOR] User login
2014-06-30 09:41:01 ___________________SERVER_START__________________
2014-06-30 09:41:02 [INFOR] User login
2014-06-30 09:41:04 [INFOR] User logout
2014-06-30 09:41:05 [INFOR] User login
2014-06-30 09:41:07 [INFOR] User logout
2014-06-30 09:46:39 [INFOR] User login
2014-06-30 09:46:39 [ERROR] Cannot read message because An established connection was aborted by the software in your host machine.
2014-06-30 09:47:15 [INFOR] User login
2014-06-30 09:47:15 [ERROR] Cannot read message because An existing connection was forcibly closed by the remote host.
2014-06-30 09:48:08 [INFOR] User login
2014-06-30 09:48:08 [ERROR] Cannot read message because An established connection was aborted by the software in your host machine.
2014-06-30 09:48:21 [INFOR] User login
2014-06-30 09:48:21 [ERROR] Cannot read message because An established connection was aborted by the software in your host machine.
2014-06-30 09:48:57 [INFOR] User login
2014-06-30 09:48:57 [ERROR] Cannot read message because An established connection was aborted by the software in your host machine.
2014-06-30 09:49:09 [INFOR] User login
2014-06-30 09:49:09 [ERROR] Cannot read message because An established connection was aborted by the software in your host machine.
2014-06-30 09:49:27 [INFOR] User login
2014-06-30 09:49:27 [ERROR] Cannot read message because An established connection was aborted by the software in your host machine.
2014-06-30 09:50:19 [INFOR] User login
2014-06-30 09:50:19 [ERROR] Cannot read message because An established connection was aborted by the software in your host machine.
2014-06-30 09:50:34 [INFOR] User login
2014-06-30 09:50:34 [ERROR] Cannot read message because An established connection was aborted by the software in your host machine.
2014-06-30 09:51:16 [INFOR] User login
2014-06-30 09:51:16 [ERROR] Cannot read message because An established connection was aborted by the software in your host machine.
2014-06-30 09:51:50 [INFOR] User login
2014-06-30 09:52:33 [INFOR] User logout
2014-06-30 09:54:18 [INFOR] User login
2014-06-30 09:54:18 [ERROR] Cannot read message because An existing connection was forcibly closed by the remote host.
2014-06-30 09:59:44 [INFOR] User login
2014-06-30 09:59:44 [ERROR] Cannot read message because An existing connection was forcibly closed by the remote host.
2014-06-30 10:01:09 [INFOR] User login
2014-06-30 10:01:09 [ERROR] Cannot read message because An existing connection was forcibly closed by the remote host.
2014-06-30 10:01:40 [INFOR] User login
2014-06-30 10:01:40 [ERROR] Cannot read message because An existing connection was forcibly closed by the remote host.
2014-06-30 10:02:18 [INFOR] User login
2014-06-30 10:02:18 [ERROR] Cannot read message because An existing connection was forcibly closed by the remote host.
2014-06-30 10:02:45 [INFOR] User login
2014-06-30 10:02:45 [ERROR] Cannot read message because An existing connection was forcibly closed by the remote host.
2014-06-30 10:08:58 ___________________SERVER_START__________________
2014-06-30 10:09:50 ___________________SERVER_START__________________
2014-06-30 10:11:02 ___________________SERVER_START__________________
2014-06-30 10:11:06 [ERROR] Cannot read message because An existing connection was forcibly closed by the remote host.
2014-06-30 10:15:59 [ERROR] Cannot read message because An existing connection was forcibly closed by the remote host.
2014-06-30 10:17:01 [ERROR] Cannot read message because An existing connection was forcibly closed by the remote host.
2014-06-30 10:17:24 [ERROR] Cannot read message because An existing connection was forcibly closed by the remote host.
2014-06-30 10:17:47 [ERROR] Cannot read message because An existing connection was forcibly closed by the remote host.
2014-06-30 10:18:00 ___________________SERVER_START__________________
2014-06-30 10:18:13 [ERROR] Cannot read message because An existing connection was forcibly closed by the remote host.
2014-06-30 10:18:38 [ERROR] Cannot read message because An existing connection was forcibly closed by the remote host.
2014-06-30 10:19:09 ___________________SERVER_START__________________
2014-06-30 10:19:38 [ERROR] Cannot read message because An existing connection was forcibly closed by the remote host.
2014-06-30 10:21:03 [ERROR] Cannot read message because An existing connection was forcibly closed by the remote host.
2014-06-30 10:22:25 [ERROR] Cannot read message because An existing connection was forcibly closed by the remote host.
2014-06-30 10:22:38 [ERROR] Cannot read message because An existing connection was forcibly closed by the remote host.
2014-06-30 10:26:17 [ERROR] Cannot read message because An existing connection was forcibly closed by the remote host.
2014-06-30 10:26:43 [ERROR] Cannot read message because An existing connection was forcibly closed by the remote host.
2014-06-30 10:27:05 [ERROR] Cannot read message because An existing connection was forcibly closed by the remote host.
2014-06-30 10:27:30 ___________________SERVER_START__________________
2014-06-30 10:27:46 [ERROR] Cannot read message because An existing connection was forcibly closed by the remote host.
2014-06-30 10:27:58 ___________________SERVER_START__________________
2014-06-30 10:28:14 ___________________SERVER_START__________________
2014-06-30 10:29:06 ___________________SERVER_START__________________
2014-06-30 10:29:40 [ERROR] Cannot read message because An existing connection was forcibly closed by the remote host.
2014-06-30 10:29:58 ___________________SERVER_START__________________
2014-06-30 10:30:08 [ERROR] Cannot read message because An existing connection was forcibly closed by the remote host.
2014-06-30 10:30:39 [ERROR] Cannot read message because An existing connection was forcibly closed by the remote host.
2014-06-30 10:31:06 [ERROR] Cannot read message because An existing connection was forcibly closed by the remote host.
2014-06-30 10:38:31 ___________________SERVER_START__________________
2014-06-30 10:38:59 [ERROR] Cannot read message because An existing connection was forcibly closed by the remote host.
2014-06-30 10:39:24 [ERROR] Cannot read message because An existing connection was forcibly closed by the remote host.
2014-06-30 10:39:58 [ERROR] Cannot read message because An existing connection was forcibly closed by the remote host.
2014-06-30 10:40:21 [ERROR] Cannot read message because An existing connection was forcibly closed by the remote host.
2014-06-30 10:40:42 [ERROR] Cannot read message because An existing connection was forcibly closed by the remote host.
2014-06-30 10:41:20 [ERROR] Cannot read message because An existing connection was forcibly closed by the remote host.
2014-06-30 10:42:46 [ERROR] Cannot read message because An existing connection was forcibly closed by the remote host.
2014-06-30 10:43:10 [ERROR] Cannot read message because An existing connection was forcibly closed by the remote host.
2014-06-30 10:43:31 [ERROR] Cannot read message because An existing connection was forcibly closed by the remote host.
2014-06-30 10:43:54 [ERROR] Cannot read message because An existing connection was forcibly closed by the remote host.
2014-06-30 10:43:54 [ERROR] Cannot read message because An established connection was aborted by the software in your host machine.
2014-06-30 10:44:16 [ERROR] Cannot read message because An existing connection was forcibly closed by the remote host.
2014-06-30 10:44:57 [ERROR] Cannot read message because An existing connection was forcibly closed by the remote host.
2014-06-30 10:47:56 [ERROR] Cannot read message because An existing connection was forcibly closed by the remote host.
2014-06-30 10:50:07 [ERROR] Cannot read message because An existing connection was forcibly closed by the remote host.
2014-06-30 10:50:57 [ERROR] Cannot read message because An existing connection was forcibly closed by the remote host.
2014-06-30 10:55:43 [ERROR] Cannot read message because An existing connection was forcibly closed by the remote host.
2014-06-30 10:56:54 [ERROR] Cannot read message because An existing connection was forcibly closed by the remote host.
2014-06-30 10:57:11 [ERROR] Cannot read message because An existing connection was forcibly closed by the remote host.
2014-06-30 10:57:21 [ERROR] Cannot read message because An existing connection was forcibly closed by the remote host.
2014-06-30 10:59:19 [ERROR] Cannot read message because An existing connection was forcibly closed by the remote host.
2014-06-30 10:59:28 [ERROR] Cannot read message because An existing connection was forcibly closed by the remote host.
2014-06-30 10:59:41 [ERROR] Cannot read message because An existing connection was forcibly closed by the remote host.
2014-06-30 11:00:03 [ERROR] Cannot read message because An existing connection was forcibly closed by the remote host.
2014-06-30 11:00:12 [ERROR] Cannot read message because An existing connection was forcibly closed by the remote host.
2014-06-30 11:01:08 [ERROR] Cannot read message because An existing connection was forcibly closed by the remote host.
2014-06-30 11:01:15 [ERROR] Cannot read message because An existing connection was forcibly closed by the remote host.
2014-06-30 11:01:23 [ERROR] Cannot read message because An existing connection was forcibly closed by the remote host.
2014-06-30 11:01:30 [ERROR] Cannot read message because An existing connection was forcibly closed by the remote host.
2014-06-30 11:02:46 [ERROR] Cannot read message because An existing connection was forcibly closed by the remote host.
2014-06-30 11:03:16 [ERROR] Cannot read message because An existing connection was forcibly closed by the remote host.
2014-06-30 11:03:26 [ERROR] Cannot read message because An existing connection was forcibly closed by the remote host.
2014-06-30 11:03:59 [ERROR] Cannot read message because An existing connection was forcibly closed by the remote host.
2014-06-30 11:04:17 [ERROR] Cannot read message because An existing connection was forcibly closed by the remote host.
2014-06-30 11:04:49 [ERROR] Cannot read message because An existing connection was forcibly closed by the remote host.
2014-06-30 11:06:37 [ERROR] Cannot read message because An existing connection was forcibly closed by the remote host.
2014-06-30 11:09:32 [ERROR] Cannot read message because An established connection was aborted by the software in your host machine.
2014-06-30 11:09:41 [ERROR] Cannot read message because An established connection was aborted by the software in your host machine.
2014-06-30 11:09:53 [ERROR] Cannot read message because An established connection was aborted by the software in your host machine.
2014-06-30 11:10:12 [ERROR] Cannot read message because An existing connection was forcibly closed by the remote host.
2014-06-30 11:13:18 [ERROR] Cannot read message because An established connection was aborted by the software in your host machine.
2014-06-30 11:13:26 [ERROR] Cannot read message because An existing connection was forcibly closed by the remote host.
2014-06-30 11:13:34 [ERROR] Cannot read message because An existing connection was forcibly closed by the remote host.
2014-06-30 11:13:42 [ERROR] Cannot read message because An existing connection was forcibly closed by the remote host.
2014-06-30 11:14:16 [ERROR] Cannot read message because An established connection was aborted by the software in your host machine.
2014-06-30 11:15:18 [ERROR] Cannot read message because An existing connection was forcibly closed by the remote host.
2014-06-30 11:27:44 [ERROR] Cannot read message because An existing connection was forcibly closed by the remote host.
2014-06-30 11:31:54 [ERROR] Cannot read message because An existing connection was forcibly closed by the remote host.
2014-06-30 11:34:55 ___________________SERVER_START__________________
2014-06-30 11:34:58 [ERROR] Cannot read message because An existing connection was forcibly closed by the remote host.
2014-06-30 11:35:36 [ERROR] Cannot read message because An existing connection was forcibly closed by the remote host.
2014-06-30 11:35:54 [ERROR] Cannot read message because An existing connection was forcibly closed by the remote host.
2014-06-30 11:39:39 ___________________SERVER_START__________________
2014-06-30 11:39:59 [ERROR] Cannot read message because An existing connection was forcibly closed by the remote host.
2014-06-30 11:40:59 [ERROR] Cannot read message because An existing connection was forcibly closed by the remote host.
2014-06-30 11:44:24 [ERROR] Cannot read message because An existing connection was forcibly closed by the remote host.
2014-06-30 11:47:36 [ERROR] Cannot read message because An existing connection was forcibly closed by the remote host.
2014-06-30 11:52:06 [ERROR] Cannot read message because An existing connection was forcibly closed by the remote host.
2014-06-30 12:25:19 [ERROR] Cannot read message because An existing connection was forcibly closed by the remote host.
2014-06-30 12:27:55 [ERROR] Cannot read message because An existing connection was forcibly closed by the remote host.
2014-06-30 12:27:55 [ERROR] Cannot read message because An existing connection was forcibly closed by the remote host.
2014-06-30 12:30:17 [ERROR] Cannot read message because An existing connection was forcibly closed by the remote host.
2014-06-30 12:30:17 [ERROR] Cannot read message because An existing connection was forcibly closed by the remote host.
2014-06-30 12:30:17 [ERROR] Cannot read message because An established connection was aborted by the software in your host machine.
2014-06-30 12:30:17 [ERROR] Cannot read message because An established connection was aborted by the software in your host machine.
